app/build/outputs/logs/manifest-merger-debug-report.txt
-- Merging decision tree log ---
manifest
ADDED from src/main/AndroidManifest.xml:2:1-20:12
	package
		ADDED from src/main/AndroidManifest.xml:3:7-39
		INJECTED from src/main/AndroidManifest.xml
		INJECTED from src/main/AndroidManifest.xml
	android:versionName
		ADDED from src/main/AndroidManifest.xml:5:7-32
		INJECTED from src/main/AndroidManifest.xml
		INJECTED from src/main/AndroidManifest.xml
	android:versionCode
		ADDED from src/main/AndroidManifest.xml:4:7-30
		INJECTED from src/main/AndroidManifest.xml
		INJECTED from src/main/AndroidManifest.xml
	xmlns:android
		ADDED from src/main/AndroidManifest.xml:2:11-69
application
ADDED from src/main/AndroidManifest.xml:6:5-17:19
	android:label
		ADDED from src/main/AndroidManifest.xml:6:48-80
	android:icon
		ADDED from src/main/AndroidManifest.xml:6:18-47
activity#com.android.TuglaOyunu.main
ADDED from src/main/AndroidManifest.xml:7:3-15:14
	android:screenOrientation
		ADDED from src/main/AndroidManifest.xml:9:4-40
	android:label
		ADDED from src/main/AndroidManifest.xml:8:4-36
	android:name
		ADDED from src/main/AndroidManifest.xml:7:13-33
intent-filter#android.intent.action.MAIN+android.intent.category.LAUNCHER
ADDED from src/main/AndroidManifest.xml:11:4-14:20
action#android.intent.action.MAIN
ADDED from src/main/AndroidManifest.xml:12:5-57
	android:name
		ADDED from src/main/AndroidManifest.xml:12:13-54
category#android.intent.category.LAUNCHER
ADDED from src/main/AndroidManifest.xml:13:5-65
	android:name
		ADDED from src/main/AndroidManifest.xml:13:15-62